# JRE version: Java(TM) SE Runtime Environment (8.0_91-b15) (build 1.8.0_91-b15)
# Java VM: Java HotSpot(TM) 64-Bit Server VM (25.91-b15 mixed mode windows-amd64 compressed oops)
Heap:
 PSYoungGen      total 238592K, used 186533K [0x00000000d5c00000, 0x00000000e4e80000, 0x0000000100000000)
  eden space 228864K, 81% used [0x00000000d5c00000,0x00000000e1229698,0x00000000e3b80000)
  from space 9728K, 0% used [0x00000000e4500000,0x00000000e4500000,0x00000000e4e80000)
  to   space 9728K, 0% used [0x00000000e3b80000,0x00000000e3b80000,0x00000000e4500000)
 ParOldGen       total 72192K, used 24208K [0x0000000081400000, 0x0000000085a80000, 0x00000000d5c00000)
  object space 72192K, 33% used [0x0000000081400000,0x0000000082ba4060,0x0000000085a80000)
 Metaspace       used 59034K, capacity 63576K, committed 63792K, reserved 1103872K
  class space    used 7899K, capacity 8715K, committed 8752K, reserved 1048576K
GC Heap History (10 events):
Event: 595.758 GC heap before
{Heap before GC invocations=31 (full 9):
 PSYoungGen      total 238592K, used 4091K [0x00000000d5c00000, 0x00000000e4f80000, 0x0000000100000000)
  eden space 228864K, 0% used [0x00000000d5c00000,0x00000000d5c00000,0x00000000e3b80000)
  from space 9728K, 42% used [0x00000000e4600000,0x00000000e49fec60,0x00000000e4f80000)
  to   space 10240K, 0% used [0x00000000e3b80000,0x00000000e3b80000,0x00000000e4580000)
 ParOldGen       total 72192K, used 23758K [0x0000000081400000, 0x0000000085a80000, 0x00000000d5c00000)
  object space 72192K, 32% used [0x0000000081400000,0x0000000082b33818,0x0000000085a80000)
 Metaspace       used 57694K, capacity 61976K, committed 62128K, reserved 1103872K
  class space    used 7790K, capacity 8553K, committed 8624K, reserved 1048576K
Event: 595.873 GC heap after
Heap after GC invocations=31 (full 9):
 PSYoungGen      total 238592K, used 0K [0x00000000d5c00000, 0x00000000e4f80000, 0x0000000100000000)
  eden space 228864K, 0% used [0x00000000d5c00000,0x00000000d5c00000,0x00000000e3b80000)
  from space 9728K, 0% used [0x00000000e4600000,0x00000000e4600000,0x00000000e4f80000)
  to   space 10240K, 0% used [0x00000000e3b80000,0x00000000e3b80000,0x00000000e4580000)
 ParOldGen       total 72192K, used 25656K [0x0000000081400000, 0x0000000085a80000, 0x00000000d5c00000)
  object space 72192K, 35% used [0x0000000081400000,0x0000000082d0e268,0x0000000085a80000)
 Metaspace       used 57694K, capacity 61976K, committed 62128K, reserved 1103872K
  class space    used 7790K, capacity 8553K, committed 8624K, reserved 1048576K
}
Event: 987.001 GC heap before
{Heap before GC invocations=32 (full 9):
 PSYoungGen      total 238592K, used 208200K [0x00000000d5c00000, 0x00000000e4f80000, 0x0000000100000000)
  eden space 228864K, 90% used [0x00000000d5c00000,0x00000000e27522a8,0x00000000e3b80000)
  from space 9728K, 0% used [0x00000000e4600000,0x00000000e4600000,0x00000000e4f80000)
  to   space 10240K, 0% used [0x00000000e3b80000,0x00000000e3b80000,0x00000000e4580000)
 ParOldGen       total 72192K, used 25656K [0x0000000081400000, 0x0000000085a80000, 0x00000000d5c00000)
  object space 72192K, 35% used [0x0000000081400000,0x0000000082d0e268,0x0000000085a80000)
 Metaspace       used 58216K, capacity 62610K, committed 62768K, reserved 1103872K
  class space    used 7841K, capacity 8636K, committed 8752K, reserved 1048576K
Event: 987.018 GC heap after
Heap after GC invocations=32 (full 9):
 PSYoungGen      total 233984K, used 5022K [0x00000000d5c00000, 0x00000000e4e80000, 0x0000000100000000)
  eden space 228864K, 0% used [0x00000000d5c00000,0x00000000d5c00000,0x00000000e3b80000)
  from space 5120K, 98% used [0x00000000e3b80000,0x00000000e4067ba8,0x00000000e4080000)
  to   space 9728K, 0% used [0x00000000e4500000,0x00000000e4500000,0x00000000e4e80000)
 ParOldGen       total 72192K, used 25656K [0x0000000081400000, 0x0000000085a80000, 0x00000000d5c00000)
  object space 72192K, 35% used [0x0000000081400000,0x0000000082d0e268,0x0000000085a80000)
 Metaspace       used 58216K, capacity 62610K, committed 62768K, reserved 1103872K
  class space    used 7841K, capacity 8636K, committed 8752K, reserved 1048576K
}
Event: 987.018 GC heap before
{Heap before GC invocations=33 (full 10):
 PSYoungGen      total 233984K, used 5022K [0x00000000d5c00000, 0x00000000e4e80000, 0x0000000100000000)
  eden space 228864K, 0% used [0x00000000d5c00000,0x00000000d5c00000,0x00000000e3b80000)
  from space 5120K, 98% used [0x00000000e3b80000,0x00000000e4067ba8,0x00000000e4080000)
  to   space 9728K, 0% used [0x00000000e4500000,0x00000000e4500000,0x00000000e4e80000)
 ParOldGen       total 72192K, used 25656K [0x0000000081400000, 0x0000000085a80000, 0x00000000d5c00000)
  object space 72192K, 35% used [0x0000000081400000,0x0000000082d0e268,0x0000000085a80000)
 Metaspace       used 58216K, capacity 62610K, committed 62768K, reserved 1103872K
  class space    used 7841K, capacity 8636K, committed 8752K, reserved 1048576K
Event: 987.269 GC heap after
Heap after GC invocations=33 (full 10):
 PSYoungGen      total 233984K, used 0K [0x00000000d5c00000, 0x00000000e4e80000, 0x0000000100000000)
  eden space 228864K, 0% used [0x00000000d5c00000,0x00000000d5c00000,0x00000000e3b80000)
  from space 5120K, 0% used [0x00000000e3b80000,0x00000000e3b80000,0x00000000e4080000)
  to   space 9728K, 0% used [0x00000000e4500000,0x00000000e4500000,0x00000000e4e80000)
 ParOldGen       total 72192K, used 24637K [0x0000000081400000, 0x0000000085a80000, 0x00000000d5c00000)
  object space 72192K, 34% used [0x0000000081400000,0x0000000082c0f730,0x0000000085a80000)
 Metaspace       used 58211K, capacity 62598K, committed 62768K, reserved 1103872K
  class space    used 7840K, capacity 8632K, committed 8752K, reserved 1048576K
}
Event: 1010.775 GC heap before
{Heap before GC invocations=34 (full 10):
 PSYoungGen      total 233984K, used 172453K [0x00000000d5c00000, 0x00000000e4e80000, 0x0000000100000000)
  eden space 228864K, 75% used [0x00000000d5c00000,0x00000000e0469520,0x00000000e3b80000)
  from space 5120K, 0% used [0x00000000e3b80000,0x00000000e3b80000,0x00000000e4080000)
  to   space 9728K, 0% used [0x00000000e4500000,0x00000000e4500000,0x00000000e4e80000)
 ParOldGen       total 72192K, used 24637K [0x0000000081400000, 0x0000000085a80000, 0x00000000d5c00000)
  object space 72192K, 34% used [0x0000000081400000,0x0000000082c0f730,0x0000000085a80000)
 Metaspace       used 58521K, capacity 62978K, committed 63280K, reserved 1103872K
  class space    used 7863K, capacity 8672K, committed 8752K, reserved 1048576K
Event: 1010.785 GC heap after
Heap after GC invocations=34 (full 10):
 PSYoungGen      total 238592K, used 4317K [0x00000000d5c00000, 0x00000000e4e80000, 0x0000000100000000)
  eden space 228864K, 0% used [0x00000000d5c00000,0x00000000d5c00000,0x00000000e3b80000)
  from space 9728K, 44% used [0x00000000e4500000,0x00000000e4937728,0x00000000e4e80000)
  to   space 9728K, 0% used [0x00000000e3b80000,0x00000000e3b80000,0x00000000e4500000)
 ParOldGen       total 72192K, used 24637K [0x0000000081400000, 0x0000000085a80000, 0x00000000d5c00000)
  object space 72192K, 34% used [0x0000000081400000,0x0000000082c0f730,0x0000000085a80000)
 Metaspace       used 58521K, capacity 62978K, committed 63280K, reserved 1103872K
  class space    used 7863K, capacity 8672K, committed 8752K, reserved 1048576K
}
Event: 1010.785 GC heap before
{Heap before GC invocations=35 (full 11):
 PSYoungGen      total 238592K, used 4317K [0x00000000d5c00000, 0x00000000e4e80000, 0x0000000100000000)
  eden space 228864K, 0% used [0x00000000d5c00000,0x00000000d5c00000,0x00000000e3b80000)
  from space 9728K, 44% used [0x00000000e4500000,0x00000000e4937728,0x00000000e4e80000)
  to   space 9728K, 0% used [0x00000000e3b80000,0x00000000e3b80000,0x00000000e4500000)
 ParOldGen       total 72192K, used 24637K [0x0000000081400000, 0x0000000085a80000, 0x00000000d5c00000)
  object space 72192K, 34% used [0x0000000081400000,0x0000000082c0f730,0x0000000085a80000)
 Metaspace       used 58521K, capacity 62978K, committed 63280K, reserved 1103872K
  class space    used 7863K, capacity 8672K, committed 8752K, reserved 1048576K
Event: 1010.873 GC heap after
Heap after GC invocations=35 (full 11):
 PSYoungGen      total 238592K, used 0K [0x00000000d5c00000, 0x00000000e4e80000, 0x0000000100000000)
  eden space 228864K, 0% used [0x00000000d5c00000,0x00000000d5c00000,0x00000000e3b80000)
  from space 9728K, 0% used [0x00000000e4500000,0x00000000e4500000,0x00000000e4e80000)
  to   space 9728K, 0% used [0x00000000e3b80000,0x00000000e3b80000,0x00000000e4500000)
 ParOldGen       total 72192K, used 24208K [0x0000000081400000, 0x0000000085a80000, 0x00000000d5c00000)
  object space 72192K, 33% used [0x0000000081400000,0x0000000082ba4060,0x0000000085a80000)
 Metaspace       used 58518K, capacity 62972K, committed 63280K, reserved 1103872K
  class space    used 7863K, capacity 8670K, committed 8752K, reserved 1048576K
}

